# JRE version: Java(TM) SE Runtime Environment (7.0_67-b01) (build 1.7.0_67-b01)
# Java VM: Java HotSpot(TM) 64-Bit Server VM (24.65-b04 mixed mode linux-amd64 compressed oops)
Heap
 PSYoungGen      total 528896K, used 20982K [0x000000075af00000, 0x000000077c800000, 0x0000000800000000)
  eden space 507904K, 0% used [0x000000075af00000,0x000000075af00000,0x0000000779f00000)
  from space 20992K, 99% used [0x0000000779f00000,0x000000077b37da18,0x000000077b380000)
  to   space 20992K, 0% used [0x000000077b380000,0x000000077b380000,0x000000077c800000)
 ParOldGen       total 337920K, used 113049K [0x0000000610e00000, 0x0000000625800000, 0x000000075af00000)
  object space 337920K, 33% used [0x0000000610e00000,0x0000000617c664d0,0x0000000625800000)
 PSPermGen       total 34304K, used 34130K [0x000000060bc00000, 0x000000060dd80000, 0x0000000610e00000)
  object space 34304K, 99% used [0x000000060bc00000,0x000000060dd548a0,0x000000060dd80000)
GC Heap History (9 events):
Event: 1.207 GC heap before
{Heap before GC invocations=1 (full 0):
 PSYoungGen      total 147968K, used 126976K [0x000000075af00000, 0x0000000765400000, 0x0000000800000000)
  eden space 126976K, 100% used [0x000000075af00000,0x0000000762b00000,0x0000000762b00000)
  from space 20992K, 0% used [0x0000000763f80000,0x0000000763f80000,0x0000000765400000)
  to   space 20992K, 0% used [0x0000000762b00000,0x0000000762b00000,0x0000000763f80000)
 ParOldGen       total 337920K, used 0K [0x0000000610e00000, 0x0000000625800000, 0x000000075af00000)
  object space 337920K, 0% used [0x0000000610e00000,0x0000000610e00000,0x0000000625800000)
 PSPermGen       total 21504K, used 13166K [0x000000060bc00000, 0x000000060d100000, 0x0000000610e00000)
  object space 21504K, 61% used [0x000000060bc00000,0x000000060c8dbb78,0x000000060d100000)
Event: 1.223 GC heap after
Heap after GC invocations=1 (full 0):
 PSYoungGen      total 147968K, used 20577K [0x000000075af00000, 0x000000076d000000, 0x0000000800000000)
  eden space 126976K, 0% used [0x000000075af00000,0x000000075af00000,0x0000000762b00000)
  from space 20992K, 98% used [0x0000000762b00000,0x0000000763f184f8,0x0000000763f80000)
  to   space 20992K, 0% used [0x000000076bb80000,0x000000076bb80000,0x000000076d000000)
 ParOldGen       total 337920K, used 72K [0x0000000610e00000, 0x0000000625800000, 0x000000075af00000)
  object space 337920K, 0% used [0x0000000610e00000,0x0000000610e12010,0x0000000625800000)
 PSPermGen       total 21504K, used 13166K [0x000000060bc00000, 0x000000060d100000, 0x0000000610e00000)
  object space 21504K, 61% used [0x000000060bc00000,0x000000060c8dbb78,0x000000060d100000)
}
Event: 1.565 GC heap before
{Heap before GC invocations=2 (full 0):
 PSYoungGen      total 147968K, used 147553K [0x000000075af00000, 0x000000076d000000, 0x0000000800000000)
  eden space 126976K, 100% used [0x000000075af00000,0x0000000762b00000,0x0000000762b00000)
  from space 20992K, 98% used [0x0000000762b00000,0x0000000763f184f8,0x0000000763f80000)
  to   space 20992K, 0% used [0x000000076bb80000,0x000000076bb80000,0x000000076d000000)
 ParOldGen       total 337920K, used 72K [0x0000000610e00000, 0x0000000625800000, 0x000000075af00000)
  object space 337920K, 0% used [0x0000000610e00000,0x0000000610e12010,0x0000000625800000)
 PSPermGen       total 21504K, used 13429K [0x000000060bc00000, 0x000000060d100000, 0x0000000610e00000)
  object space 21504K, 62% used [0x000000060bc00000,0x000000060c91d408,0x000000060d100000)
Event: 1.582 GC heap after
Heap after GC invocations=2 (full 0):
 PSYoungGen      total 274944K, used 20991K [0x000000075af00000, 0x000000076d000000, 0x0000000800000000)
  eden space 253952K, 0% used [0x000000075af00000,0x000000075af00000,0x000000076a700000)
  from space 20992K, 99% used [0x000000076bb80000,0x000000076cfffcb8,0x000000076d000000)
  to   space 20992K, 0% used [0x000000076a700000,0x000000076a700000,0x000000076bb80000)
 ParOldGen       total 337920K, used 4907K [0x0000000610e00000, 0x0000000625800000, 0x000000075af00000)
  object space 337920K, 1% used [0x0000000610e00000,0x00000006112cad70,0x0000000625800000)
 PSPermGen       total 21504K, used 13429K [0x000000060bc00000, 0x000000060d100000, 0x0000000610e00000)
  object space 21504K, 62% used [0x000000060bc00000,0x000000060c91d408,0x000000060d100000)
}
Event: 2.123 GC heap before
{Heap before GC invocations=3 (full 0):
 PSYoungGen      total 274944K, used 274943K [0x000000075af00000, 0x000000076d000000, 0x0000000800000000)
  eden space 253952K, 100% used [0x000000075af00000,0x000000076a700000,0x000000076a700000)
  from space 20992K, 99% used [0x000000076bb80000,0x000000076cfffcb8,0x000000076d000000)
  to   space 20992K, 0% used [0x000000076a700000,0x000000076a700000,0x000000076bb80000)
 ParOldGen       total 337920K, used 4907K [0x0000000610e00000, 0x0000000625800000, 0x000000075af00000)
  object space 337920K, 1% used [0x0000000610e00000,0x00000006112cad70,0x0000000625800000)
 PSPermGen       total 21504K, used 13442K [0x000000060bc00000, 0x000000060d100000, 0x0000000610e00000)
  object space 21504K, 62% used [0x000000060bc00000,0x000000060c920be0,0x000000060d100000)
Event: 2.154 GC heap after
Heap after GC invocations=3 (full 0):
 PSYoungGen      total 274944K, used 20980K [0x000000075af00000, 0x000000077c800000, 0x0000000800000000)
  eden space 253952K, 0% used [0x000000075af00000,0x000000075af00000,0x000000076a700000)
  from space 20992K, 99% used [0x000000076a700000,0x000000076bb7d0d8,0x000000076bb80000)
  to   space 20992K, 0% used [0x000000077b380000,0x000000077b380000,0x000000077c800000)
 ParOldGen       total 337920K, used 40922K [0x0000000610e00000, 0x0000000625800000, 0x000000075af00000)
  object space 337920K, 12% used [0x0000000610e00000,0x00000006135f6898,0x0000000625800000)
 PSPermGen       total 21504K, used 13442K [0x000000060bc00000, 0x000000060d100000, 0x0000000610e00000)
  object space 21504K, 62% used [0x000000060bc00000,0x000000060c920be0,0x000000060d100000)
}
Event: 2.730 GC heap before
{Heap before GC invocations=4 (full 0):
 PSYoungGen      total 274944K, used 274932K [0x000000075af00000, 0x000000077c800000, 0x0000000800000000)
  eden space 253952K, 100% used [0x000000075af00000,0x000000076a700000,0x000000076a700000)
  from space 20992K, 99% used [0x000000076a700000,0x000000076bb7d0d8,0x000000076bb80000)
  to   space 20992K, 0% used [0x000000077b380000,0x000000077b380000,0x000000077c800000)
 ParOldGen       total 337920K, used 40922K [0x0000000610e00000, 0x0000000625800000, 0x000000075af00000)
  object space 337920K, 12% used [0x0000000610e00000,0x00000006135f6898,0x0000000625800000)
 PSPermGen       total 21504K, used 13480K [0x000000060bc00000, 0x000000060d100000, 0x0000000610e00000)
  object space 21504K, 62% used [0x000000060bc00000,0x000000060c92a3a0,0x000000060d100000)
Event: 2.777 GC heap after
Heap after GC invocations=4 (full 0):
 PSYoungGen      total 528896K, used 20973K [0x000000075af00000, 0x000000077c800000, 0x0000000800000000)
  eden space 507904K, 0% used [0x000000075af00000,0x000000075af00000,0x0000000779f00000)
  from space 20992K, 99% used [0x000000077b380000,0x000000077c7fb5d0,0x000000077c800000)
  to   space 20992K, 0% used [0x0000000779f00000,0x0000000779f00000,0x000000077b380000)
 ParOldGen       total 337920K, used 83981K [0x0000000610e00000, 0x0000000625800000, 0x000000075af00000)
  object space 337920K, 24% used [0x0000000610e00000,0x0000000616003620,0x0000000625800000)
 PSPermGen       total 21504K, used 13480K [0x000000060bc00000, 0x000000060d100000, 0x0000000610e00000)
  object space 21504K, 62% used [0x000000060bc00000,0x000000060c92a3a0,0x000000060d100000)
}
Event: 5.899 GC heap before
{Heap before GC invocations=5 (full 0):
 PSYoungGen      total 528896K, used 528877K [0x000000075af00000, 0x000000077c800000, 0x0000000800000000)
  eden space 507904K, 100% used [0x000000075af00000,0x0000000779f00000,0x0000000779f00000)
  from space 20992K, 99% used [0x000000077b380000,0x000000077c7fb5d0,0x000000077c800000)
  to   space 20992K, 0% used [0x0000000779f00000,0x0000000779f00000,0x000000077b380000)
 ParOldGen       total 337920K, used 83981K [0x0000000610e00000, 0x0000000625800000, 0x000000075af00000)
  object space 337920K, 24% used [0x0000000610e00000,0x0000000616003620,0x0000000625800000)
 PSPermGen       total 34304K, used 34130K [0x000000060bc00000, 0x000000060dd80000, 0x0000000610e00000)
  object space 34304K, 99% used [0x000000060bc00000,0x000000060dd548a0,0x000000060dd80000)

