# JRE version: Java(TM) SE Runtime Environment (7.0_67-b01) (build 1.7.0_67-b01)
# Java VM: Java HotSpot(TM) 64-Bit Server VM (24.65-b04 mixed mode linux-amd64 compressed oops)
Heap
 PSYoungGen      total 528896K, used 20987K [0x000000075af00000, 0x000000077c800000, 0x0000000800000000)
  eden space 507904K, 0% used [0x000000075af00000,0x000000075af00000,0x0000000779f00000)
  from space 20992K, 99% used [0x0000000779f00000,0x000000077b37eff0,0x000000077b380000)
  to   space 20992K, 0% used [0x000000077b380000,0x000000077b380000,0x000000077c800000)
 ParOldGen       total 337920K, used 113181K [0x0000000610e00000, 0x0000000625800000, 0x000000075af00000)
  object space 337920K, 33% used [0x0000000610e00000,0x0000000617c87560,0x0000000625800000)
 PSPermGen       total 34304K, used 34176K [0x000000060bc00000, 0x000000060dd80000, 0x0000000610e00000)
  object space 34304K, 99% used [0x000000060bc00000,0x000000060dd60368,0x000000060dd80000)
GC Heap History (9 events):
Event: 1.034 GC heap before
{Heap before GC invocations=1 (full 0):
 PSYoungGen      total 147968K, used 126976K [0x000000075af00000, 0x0000000765400000, 0x0000000800000000)
  eden space 126976K, 100% used [0x000000075af00000,0x0000000762b00000,0x0000000762b00000)
  from space 20992K, 0% used [0x0000000763f80000,0x0000000763f80000,0x0000000765400000)
  to   space 20992K, 0% used [0x0000000762b00000,0x0000000762b00000,0x0000000763f80000)
 ParOldGen       total 337920K, used 0K [0x0000000610e00000, 0x0000000625800000, 0x000000075af00000)
  object space 337920K, 0% used [0x0000000610e00000,0x0000000610e00000,0x0000000625800000)
 PSPermGen       total 21504K, used 13165K [0x000000060bc00000, 0x000000060d100000, 0x0000000610e00000)
  object space 21504K, 61% used [0x000000060bc00000,0x000000060c8db4a0,0x000000060d100000)
Event: 1.052 GC heap after
Heap after GC invocations=1 (full 0):
 PSYoungGen      total 147968K, used 20320K [0x000000075af00000, 0x000000076d000000, 0x0000000800000000)
  eden space 126976K, 0% used [0x000000075af00000,0x000000075af00000,0x0000000762b00000)
  from space 20992K, 96% used [0x0000000762b00000,0x0000000763ed8140,0x0000000763f80000)
  to   space 20992K, 0% used [0x000000076bb80000,0x000000076bb80000,0x000000076d000000)
 ParOldGen       total 337920K, used 72K [0x0000000610e00000, 0x0000000625800000, 0x000000075af00000)
  object space 337920K, 0% used [0x0000000610e00000,0x0000000610e12010,0x0000000625800000)
 PSPermGen       total 21504K, used 13165K [0x000000060bc00000, 0x000000060d100000, 0x0000000610e00000)
  object space 21504K, 61% used [0x000000060bc00000,0x000000060c8db4a0,0x000000060d100000)
}
Event: 1.391 GC heap before
{Heap before GC invocations=2 (full 0):
 PSYoungGen      total 147968K, used 147296K [0x000000075af00000, 0x000000076d000000, 0x0000000800000000)
  eden space 126976K, 100% used [0x000000075af00000,0x0000000762b00000,0x0000000762b00000)
  from space 20992K, 96% used [0x0000000762b00000,0x0000000763ed8140,0x0000000763f80000)
  to   space 20992K, 0% used [0x000000076bb80000,0x000000076bb80000,0x000000076d000000)
 ParOldGen       total 337920K, used 72K [0x0000000610e00000, 0x0000000625800000, 0x000000075af00000)
  object space 337920K, 0% used [0x0000000610e00000,0x0000000610e12010,0x0000000625800000)
 PSPermGen       total 21504K, used 13429K [0x000000060bc00000, 0x000000060d100000, 0x0000000610e00000)
  object space 21504K, 62% used [0x000000060bc00000,0x000000060c91d6a8,0x000000060d100000)
Event: 1.412 GC heap after
Heap after GC invocations=2 (full 0):
 PSYoungGen      total 274944K, used 20990K [0x000000075af00000, 0x000000076d000000, 0x0000000800000000)
  eden space 253952K, 0% used [0x000000075af00000,0x000000075af00000,0x000000076a700000)
  from space 20992K, 99% used [0x000000076bb80000,0x000000076cfff848,0x000000076d000000)
  to   space 20992K, 0% used [0x000000076a700000,0x000000076a700000,0x000000076bb80000)
 ParOldGen       total 337920K, used 4974K [0x0000000610e00000, 0x0000000625800000, 0x000000075af00000)
  object space 337920K, 1% used [0x0000000610e00000,0x00000006112db958,0x0000000625800000)
 PSPermGen       total 21504K, used 13429K [0x000000060bc00000, 0x000000060d100000, 0x0000000610e00000)
  object space 21504K, 62% used [0x000000060bc00000,0x000000060c91d6a8,0x000000060d100000)
}
Event: 2.040 GC heap before
{Heap before GC invocations=3 (full 0):
 PSYoungGen      total 274944K, used 274942K [0x000000075af00000, 0x000000076d000000, 0x0000000800000000)
  eden space 253952K, 100% used [0x000000075af00000,0x000000076a700000,0x000000076a700000)
  from space 20992K, 99% used [0x000000076bb80000,0x000000076cfff848,0x000000076d000000)
  to   space 20992K, 0% used [0x000000076a700000,0x000000076a700000,0x000000076bb80000)
 ParOldGen       total 337920K, used 4974K [0x0000000610e00000, 0x0000000625800000, 0x000000075af00000)
  object space 337920K, 1% used [0x0000000610e00000,0x00000006112db958,0x0000000625800000)
 PSPermGen       total 21504K, used 13443K [0x000000060bc00000, 0x000000060d100000, 0x0000000610e00000)
  object space 21504K, 62% used [0x000000060bc00000,0x000000060c920d60,0x000000060d100000)
Event: 2.073 GC heap after
Heap after GC invocations=3 (full 0):
 PSYoungGen      total 274944K, used 20981K [0x000000075af00000, 0x000000077c800000, 0x0000000800000000)
  eden space 253952K, 0% used [0x000000075af00000,0x000000075af00000,0x000000076a700000)
  from space 20992K, 99% used [0x000000076a700000,0x000000076bb7d7f8,0x000000076bb80000)
  to   space 20992K, 0% used [0x000000077b380000,0x000000077b380000,0x000000077c800000)
 ParOldGen       total 337920K, used 40887K [0x0000000610e00000, 0x0000000625800000, 0x000000075af00000)
  object space 337920K, 12% used [0x0000000610e00000,0x00000006135edfc0,0x0000000625800000)
 PSPermGen       total 21504K, used 13443K [0x000000060bc00000, 0x000000060d100000, 0x0000000610e00000)
  object space 21504K, 62% used [0x000000060bc00000,0x000000060c920d60,0x000000060d100000)
}
Event: 2.547 GC heap before
{Heap before GC invocations=4 (full 0):
 PSYoungGen      total 274944K, used 274933K [0x000000075af00000, 0x000000077c800000, 0x0000000800000000)
  eden space 253952K, 100% used [0x000000075af00000,0x000000076a700000,0x000000076a700000)
  from space 20992K, 99% used [0x000000076a700000,0x000000076bb7d7f8,0x000000076bb80000)
  to   space 20992K, 0% used [0x000000077b380000,0x000000077b380000,0x000000077c800000)
 ParOldGen       total 337920K, used 40887K [0x0000000610e00000, 0x0000000625800000, 0x000000075af00000)
  object space 337920K, 12% used [0x0000000610e00000,0x00000006135edfc0,0x0000000625800000)
 PSPermGen       total 21504K, used 13483K [0x000000060bc00000, 0x000000060d100000, 0x0000000610e00000)
  object space 21504K, 62% used [0x000000060bc00000,0x000000060c92ada8,0x000000060d100000)
Event: 2.581 GC heap after
Heap after GC invocations=4 (full 0):
 PSYoungGen      total 528896K, used 20967K [0x000000075af00000, 0x000000077c800000, 0x0000000800000000)
  eden space 507904K, 0% used [0x000000075af00000,0x000000075af00000,0x0000000779f00000)
  from space 20992K, 99% used [0x000000077b380000,0x000000077c7f9e90,0x000000077c800000)
  to   space 20992K, 0% used [0x0000000779f00000,0x0000000779f00000,0x000000077b380000)
 ParOldGen       total 337920K, used 83910K [0x0000000610e00000, 0x0000000625800000, 0x000000075af00000)
  object space 337920K, 24% used [0x0000000610e00000,0x0000000615ff1860,0x0000000625800000)
 PSPermGen       total 21504K, used 13483K [0x000000060bc00000, 0x000000060d100000, 0x0000000610e00000)
  object space 21504K, 62% used [0x000000060bc00000,0x000000060c92ada8,0x000000060d100000)
}
Event: 5.338 GC heap before
{Heap before GC invocations=5 (full 0):
 PSYoungGen      total 528896K, used 528871K [0x000000075af00000, 0x000000077c800000, 0x0000000800000000)
  eden space 507904K, 100% used [0x000000075af00000,0x0000000779f00000,0x0000000779f00000)
  from space 20992K, 99% used [0x000000077b380000,0x000000077c7f9e90,0x000000077c800000)
  to   space 20992K, 0% used [0x0000000779f00000,0x0000000779f00000,0x000000077b380000)
 ParOldGen       total 337920K, used 83910K [0x0000000610e00000, 0x0000000625800000, 0x000000075af00000)
  object space 337920K, 24% used [0x0000000610e00000,0x0000000615ff1860,0x0000000625800000)
 PSPermGen       total 34304K, used 34176K [0x000000060bc00000, 0x000000060dd80000, 0x0000000610e00000)
  object space 34304K, 99% used [0x000000060bc00000,0x000000060dd60368,0x000000060dd80000)

